2025-01-22 19:10:01,860 - INFO - ThreadPoolExecutor-0_12 - url: https://cdn.jsdelivr.net/gh/YueChan/live@main/IPTV.m3u 获取成功，判断为m3u格式
2025-01-22 19:10:01,861 - ERROR - ThreadPoolExecutor-0_29 - url: http://kxrj.site:567/gggg.nzk 读取失败❌, Error: HTTPConnectionPool(host='kxrj.site', port=567): Max retries exceeded with url: /gggg.nzk (Caused by NameResolutionError("<urllib3.connection.HTTPConnection object at 0x7f6d46fdc520>: Failed to resolve 'kxrj.site' ([Errno -2] Name or service not known)"))
2025-01-22 19:10:01,861 - ERROR - ThreadPoolExecutor-0_33 - url: http://kxrj.site:55/lib/kx2024.txt 读取失败❌, Error: HTTPConnectionPool(host='kxrj.site', port=55): Max retries exceeded with url: /lib/kx2024.txt (Caused by NameResolutionError("<urllib3.connection.HTTPConnection object at 0x7f6d4701d570>: Failed to resolve 'kxrj.site' ([Errno -2] Name or service not known)"))
2025-01-22 19:10:01,862 - INFO - ThreadPoolExecutor-0_12 - url: https://cdn.jsdelivr.net/gh/YueChan/live@main/IPTV.m3u 读取成功✅，包含频道分类: 央视, 卫视, 地方
2025-01-22 19:10:01,875 - INFO - MainThread - 

2025-01-22 19:10:01,875 - INFO - MainThread - Checking channels:   2%|[32m▋                                            [0m| 1/61 [00:00<00:03, 16.81it/s][0m
2025-01-22 19:10:01,875 - INFO - MainThread - 

2025-01-22 19:10:01,875 - INFO - MainThread - Checking channels:   3%|[32m█▍                                           [0m| 2/61 [00:00<00:01, 33.43it/s][0m
2025-01-22 19:10:01,875 - INFO - MainThread - 

2025-01-22 19:10:01,875 - INFO - MainThread - Checking channels:   5%|[32m██▏                                          [0m| 3/61 [00:00<00:01, 49.93it/s][0m
2025-01-22 19:10:01,921 - INFO - ThreadPoolExecutor-0_0 - url: https://aktv.top/live.m3u 获取成功，判断为m3u格式
2025-01-22 19:10:01,922 - INFO - ThreadPoolExecutor-0_0 - url: https://aktv.top/live.m3u 读取成功✅，包含频道分类: AKTV
2025-01-22 19:10:01,922 - INFO - MainThread - 

2025-01-22 19:10:01,922 - INFO - MainThread - Checking channels:   7%|[32m██▉                                          [0m| 4/61 [00:00<00:01, 37.42it/s][0m
2025-01-22 19:10:01,944 - INFO - ThreadPoolExecutor-0_26 - url: http://aktv.top/live.m3u 获取成功，判断为m3u格式
2025-01-22 19:10:01,944 - INFO - ThreadPoolExecutor-0_26 - url: http://aktv.top/live.m3u 读取成功✅，包含频道分类: AKTV
2025-01-22 19:10:01,944 - INFO - MainThread - 

2025-01-22 19:10:01,945 - INFO - MainThread - Checking channels:   8%|[32m███▋                                         [0m| 5/61 [00:00<00:01, 37.42it/s][0m
2025-01-22 19:10:02,033 - ERROR - ThreadPoolExecutor-0_57 - url: http://154.9.252.167:190/tvlive.txt 读取失败❌, Error: HTTPConnectionPool(host='154.9.252.167', port=190): Max retries exceeded with url: /tvlive.txt (Caused by NewConnectionError('<urllib3.connection.HTTPConnection object at 0x7f6d45d67730>: Failed to establish a new connection: [Errno 111] Connection refused'))
2025-01-22 19:10:02,033 - INFO - MainThread - 

2025-01-22 19:10:02,033 - INFO - MainThread - Checking channels:  10%|[32m████▍                                        [0m| 6/61 [00:00<00:01, 37.42it/s][0m
2025-01-22 19:10:02,068 - INFO - ThreadPoolExecutor-0_45 - url: https://m3u.ibert.me/txt/j_home.txt 获取成功，判断为txt格式
2025-01-22 19:10:02,068 - INFO - MainThread - 

2025-01-22 19:10:02,068 - INFO - MainThread - Checking channels:  11%|[32m█████▏                                       [0m| 7/61 [00:00<00:01, 37.42it/s][0m
2025-01-22 19:10:02,077 - INFO - ThreadPoolExecutor-0_43 - url: https://m3u.ibert.me/txt/ycl_iptv.txt 获取成功，判断为txt格式
2025-01-22 19:10:02,077 - INFO - ThreadPoolExecutor-0_43 - url: https://m3u.ibert.me/txt/ycl_iptv.txt 读取成功✅，包含频道分类: 央视, 卫视, 地方
2025-01-22 19:10:02,077 - INFO - MainThread - 

2025-01-22 19:10:02,078 - INFO - MainThread - Checking channels:  13%|[32m█████▉                                       [0m| 8/61 [00:00<00:01, 29.55it/s][0m
2025-01-22 19:10:02,080 - INFO - ThreadPoolExecutor-0_44 - url: https://m3u.ibert.me/txt/y_g.txt 获取成功，判断为txt格式
2025-01-22 19:10:02,080 - INFO - ThreadPoolExecutor-0_44 - url: https://m3u.ibert.me/txt/y_g.txt 读取成功✅，包含频道分类: •温馨「提示」, •咪咕「IPV4」, •游戏「赛事」, •影视「轮播」
2025-01-22 19:10:02,080 - INFO - MainThread - 

2025-01-22 19:10:02,081 - INFO - MainThread - Checking channels:  15%|[32m██████▋                                      [0m| 9/61 [00:00<00:01, 29.55it/s][0m
2025-01-22 19:10:02,109 - INFO - ThreadPoolExecutor-0_49 - url: https://gitlab.com/p2v5/wangtv/-/raw/main/lunbo.txt 获取成功，判断为txt格式
2025-01-22 19:10:02,110 - INFO - ThreadPoolExecutor-0_49 - url: https://gitlab.com/p2v5/wangtv/-/raw/main/lunbo.txt 读取成功✅，包含频道分类: Others, Manual, 轮播, 电影, 广播
2025-01-22 19:10:02,110 - INFO - MainThread - 

2025-01-22 19:10:02,111 - INFO - MainThread - Checking channels:  16%|[32m███████▏                                    [0m| 10/61 [00:00<00:01, 29.55it/s][0m
2025-01-22 19:10:02,116 - INFO - ThreadPoolExecutor-0_42 - url: https://m3u.ibert.me/txt/fmml_ipv6.txt 获取成功，判断为txt格式
2025-01-22 19:10:02,117 - INFO - ThreadPoolExecutor-0_42 - url: https://m3u.ibert.me/txt/fmml_ipv6.txt 读取成功✅，包含频道分类: 央视频道, 卫视频道, 体验频道, Undefined, 浙江频道, 内蒙频道
2025-01-22 19:10:02,117 - INFO - MainThread - 

2025-01-22 19:10:02,117 - INFO - MainThread - Checking channels:  18%|[32m███████▉                                    [0m| 11/61 [00:00<00:01, 29.55it/s][0m
2025-01-22 19:10:02,202 - INFO - ThreadPoolExecutor-0_1 - url: http://175.178.251.183:6689/aktvlive.txt 获取成功，判断为txt格式
2025-01-22 19:10:02,202 - INFO - ThreadPoolExecutor-0_1 - url: http://175.178.251.183:6689/aktvlive.txt 读取成功✅，包含频道分类: AKTV
2025-01-22 19:10:02,203 - INFO - MainThread - 

2025-01-22 19:10:02,203 - INFO - MainThread - Checking channels:  20%|[32m████████▋                                   [0m| 12/61 [00:00<00:01, 30.58it/s][0m
2025-01-22 19:10:02,550 - INFO - ThreadPoolExecutor-0_10 - url: http://home.jundie.top:81/Cat/tv/live.txt 获取成功，判断为txt格式
2025-01-22 19:10:02,551 - INFO - ThreadPoolExecutor-0_10 - url: http://home.jundie.top:81/Cat/tv/live.txt 读取成功✅，包含频道分类: 央视频道, 卫视频道, 体验频道, 埋堆堆
2025-01-22 19:10:02,552 - INFO - MainThread - 

2025-01-22 19:10:02,552 - INFO - MainThread - Checking channels:  21%|[32m█████████▍                                  [0m| 13/61 [00:00<00:01, 30.58it/s][0m
2025-01-22 19:10:02,555 - INFO - ThreadPoolExecutor-0_35 - url: http://home.jundie.top:81/Cat/tv/live.txt 获取成功，判断为txt格式
2025-01-22 19:10:02,556 - INFO - ThreadPoolExecutor-0_35 - url: http://home.jundie.top:81/Cat/tv/live.txt 读取成功✅，包含频道分类: 央视频道, 卫视频道, 体验频道, 埋堆堆
2025-01-22 19:10:02,556 - INFO - MainThread - 

2025-01-22 19:10:02,556 - INFO - MainThread - Checking channels:  23%|[32m██████████                                  [0m| 14/61 [00:00<00:01, 30.58it/s][0m
2025-01-22 19:10:02,574 - ERROR - ThreadPoolExecutor-0_47 - url: https://ghgo.xyz/https://raw.githubusercontent.com/fenxp/iptv/main/live/tvlive.txt 读取失败❌, Error: HTTPSConnectionPool(host='ghgo.xyz', port=443): Max retries exceeded with url: /https://raw.githubusercontent.com/fenxp/iptv/main/live/tvlive.txt (Caused by NameResolutionError("<urllib3.connection.HTTPSConnection object at 0x7f6d45d384c0>: Failed to resolve 'ghgo.xyz' ([Errno -2] Name or service not known)"))
2025-01-22 19:10:02,574 - INFO - MainThread - 

2025-01-22 19:10:02,574 - ERROR - ThreadPoolExecutor-0_38 - url: https://ghgo.xyz/https://raw.githubusercontent.com/iptv-org/iptv/master/streams/cn.m3u 读取失败❌, Error: HTTPSConnectionPool(host='ghgo.xyz', port=443): Max retries exceeded with url: /https://raw.githubusercontent.com/iptv-org/iptv/master/streams/cn.m3u (Caused by NameResolutionError("<urllib3.connection.HTTPSConnection object at 0x7f6d4701b040>: Failed to resolve 'ghgo.xyz' ([Errno -2] Name or service not known)"))
2025-01-22 19:10:02,574 - ERROR - ThreadPoolExecutor-0_24 - url: https://ghgo.xyz/https://raw.githubusercontent.com/xzw832/cmys/refs/heads/main/Z_15_weishi.txt 读取失败❌, Error: HTTPSConnectionPool(host='ghgo.xyz', port=443): Max retries exceeded with url: /https://raw.githubusercontent.com/xzw832/cmys/refs/heads/main/Z_15_weishi.txt (Caused by NameResolutionError("<urllib3.connection.HTTPSConnection object at 0x7f6d46fb89d0>: Failed to resolve 'ghgo.xyz' ([Errno -2] Name or service not known)"))
2025-01-22 19:10:02,574 - ERROR - ThreadPoolExecutor-0_22 - url: https://ghgo.xyz/https://raw.githubusercontent.com/xzw832/cmys/refs/heads/main/Z_12_weishi.txt 读取失败❌, Error: HTTPSConnectionPool(host='ghgo.xyz', port=443): Max retries exceeded with url: /https://raw.githubusercontent.com/xzw832/cmys/refs/heads/main/Z_12_weishi.txt (Caused by NameResolutionError("<urllib3.connection.HTTPSConnection object at 0x7f6d46fbb820>: Failed to resolve 'ghgo.xyz' ([Errno -2] Name or service not known)"))
2025-01-22 19:10:02,574 - INFO - MainThread - Checking channels:  25%|[32m██████████▊                                 [0m| 15/61 [00:00<00:01, 30.58it/s][0m
2025-01-22 19:10:02,578 - INFO - MainThread - 

2025-01-22 19:10:02,579 - INFO - MainThread - Checking channels:  26%|[32m███████████▌                                [0m| 16/61 [00:00<00:02, 17.59it/s][0m
2025-01-22 19:10:02,575 - ERROR - ThreadPoolExecutor-0_23 - url: https://ghgo.xyz/https://raw.githubusercontent.com/xzw832/cmys/refs/heads/main/Z_15_cctv.txt 读取失败❌, Error: HTTPSConnectionPool(host='ghgo.xyz', port=443): Max retries exceeded with url: /https://raw.githubusercontent.com/xzw832/cmys/refs/heads/main/Z_15_cctv.txt (Caused by NameResolutionError("<urllib3.connection.HTTPSConnection object at 0x7f6d46fba800>: Failed to resolve 'ghgo.xyz' ([Errno -2] Name or service not known)"))
2025-01-22 19:10:02,576 - ERROR - ThreadPoolExecutor-0_9 - url: https://ghgo.xyz/https://raw.githubusercontent.com/Guovin/TV/gd/output/result.txt 读取失败❌, Error: HTTPSConnectionPool(host='ghgo.xyz', port=443): Max retries exceeded with url: /https://raw.githubusercontent.com/Guovin/TV/gd/output/result.txt (Caused by NameResolutionError("<urllib3.connection.HTTPSConnection object at 0x7f6d46fab4c0>: Failed to resolve 'ghgo.xyz' ([Errno -2] Name or service not known)"))
2025-01-22 19:10:02,576 - ERROR - ThreadPoolExecutor-0_50 - url: https://ghgo.xyz/https://raw.githubusercontent.com/wwb521/live/main/tv.m3u 读取失败❌, Error: HTTPSConnectionPool(host='ghgo.xyz', port=443): Max retries exceeded with url: /https://raw.githubusercontent.com/wwb521/live/main/tv.m3u (Caused by NameResolutionError("<urllib3.connection.HTTPSConnection object at 0x7f6d45d3a710>: Failed to resolve 'ghgo.xyz' ([Errno -2] Name or service not known)"))
2025-01-22 19:10:02,576 - ERROR - ThreadPoolExecutor-0_39 - url: https://ghgo.xyz/https://raw.githubusercontent.com/joevess/IPTV/main/iptv.m3u8 读取失败❌, Error: HTTPSConnectionPool(host='ghgo.xyz', port=443): Max retries exceeded with url: /https://raw.githubusercontent.com/joevess/IPTV/main/iptv.m3u8 (Caused by NameResolutionError("<urllib3.connection.HTTPSConnection object at 0x7f6d4701a020>: Failed to resolve 'ghgo.xyz' ([Errno -2] Name or service not known)"))
2025-01-22 19:10:02,576 - ERROR - ThreadPoolExecutor-0_21 - url: https://ghgo.xyz/https://raw.githubusercontent.com/xzw832/cmys/refs/heads/main/Z_12_cctv.txt 读取失败❌, Error: HTTPSConnectionPool(host='ghgo.xyz', port=443): Max retries exceeded with url: /https://raw.githubusercontent.com/xzw832/cmys/refs/heads/main/Z_12_cctv.txt (Caused by NameResolutionError("<urllib3.connection.HTTPSConnection object at 0x7f6d47165510>: Failed to resolve 'ghgo.xyz' ([Errno -2] Name or service not known)"))
2025-01-22 19:10:02,576 - ERROR - ThreadPoolExecutor-0_3 - url: https://ghgo.xyz/https://raw.githubusercontent.com/YanG-1989/m3u/main/Gather.m3u 读取失败❌, Error: HTTPSConnectionPool(host='ghgo.xyz', port=443): Max retries exceeded with url: /https://raw.githubusercontent.com/YanG-1989/m3u/main/Gather.m3u (Caused by NameResolutionError("<urllib3.connection.HTTPSConnection object at 0x7f6d46febdc0>: Failed to resolve 'ghgo.xyz' ([Errno -2] Name or service not known)"))
2025-01-22 19:10:02,576 - ERROR - ThreadPoolExecutor-0_5 - url: https://ghgo.xyz/https://raw.githubusercontent.com/yuanzl77/IPTV/main/live.txt 读取失败❌, Error: HTTPSConnectionPool(host='ghgo.xyz', port=443): Max retries exceeded with url: /https://raw.githubusercontent.com/yuanzl77/IPTV/main/live.txt (Caused by NameResolutionError("<urllib3.connection.HTTPSConnection object at 0x7f6d46fa8d00>: Failed to resolve 'ghgo.xyz' ([Errno -2] Name or service not known)"))
2025-01-22 19:10:02,576 - ERROR - ThreadPoolExecutor-0_29 - url: https://ghgo.xyz/https://raw.githubusercontent.com/kimwang1978/TV/master/output/result.txt 读取失败❌, Error: HTTPSConnectionPool(host='ghgo.xyz', port=443): Max retries exceeded with url: /https://raw.githubusercontent.com/kimwang1978/TV/master/output/result.txt (Caused by NameResolutionError("<urllib3.connection.HTTPSConnection object at 0x7f6d45d65ed0>: Failed to resolve 'ghgo.xyz' ([Errno -2] Name or service not known)"))
2025-01-22 19:10:02,576 - ERROR - ThreadPoolExecutor-0_53 - url: https://ghgo.xyz/https://raw.githubusercontent.com/zzmaze/iptv/main/itvlist.txt 读取失败❌, Error: HTTPSConnectionPool(host='ghgo.xyz', port=443): Max retries exceeded with url: /https://raw.githubusercontent.com/zzmaze/iptv/main/itvlist.txt (Caused by NameResolutionError("<urllib3.connection.HTTPSConnection object at 0x7f6d45d649a0>: Failed to resolve 'ghgo.xyz' ([Errno -2] Name or service not known)"))
2025-01-22 19:10:02,577 - ERROR - ThreadPoolExecutor-0_40 - url: https://ghgo.xyz/https://raw.githubusercontent.com/Supprise0901/TVBox_live/main/live.txt 读取失败❌, Error: HTTPSConnectionPool(host='ghgo.xyz', port=443): Max retries exceeded with url: /https://raw.githubusercontent.com/Supprise0901/TVBox_live/main/live.txt (Caused by NameResolutionError("<urllib3.connection.HTTPSConnection object at 0x7f6d470194b0>: Failed to resolve 'ghgo.xyz' ([Errno -2] Name or service not known)"))
2025-01-22 19:10:02,577 - ERROR - ThreadPoolExecutor-0_12 - url: https://ghgo.xyz/https://raw.githubusercontent.com/fanmingming/live/refs/heads/main/tv/m3u/ipv6.m3u 读取失败❌, Error: HTTPSConnectionPool(host='ghgo.xyz', port=443): Max retries exceeded with url: /https://raw.githubusercontent.com/fanmingming/live/refs/heads/main/tv/m3u/ipv6.m3u (Caused by NameResolutionError("<urllib3.connection.HTTPSConnection object at 0x7f6d45d90550>: Failed to resolve 'ghgo.xyz' ([Errno -2] Name or service not known)"))
2025-01-22 19:10:02,577 - ERROR - ThreadPoolExecutor-0_25 - url: https://ghgo.xyz/https://raw.githubusercontent.com/YueChan/Live/main/APTV.m3u 读取失败❌, Error: HTTPSConnectionPool(host='ghgo.xyz', port=443): Max retries exceeded with url: /https://raw.githubusercontent.com/YueChan/Live/main/APTV.m3u (Caused by NameResolutionError("<urllib3.connection.HTTPSConnection object at 0x7f6d46fb9510>: Failed to resolve 'ghgo.xyz' ([Errno -2] Name or service not known)"))
2025-01-22 19:10:02,577 - ERROR - ThreadPoolExecutor-0_34 - url: https://ghgo.xyz/https://raw.githubusercontent.com/altn2025/iptv/main/iptv.m3u 读取失败❌, Error: HTTPSConnectionPool(host='ghgo.xyz', port=443): Max retries exceeded with url: /https://raw.githubusercontent.com/altn2025/iptv/main/iptv.m3u (Caused by NameResolutionError("<urllib3.connection.HTTPSConnection object at 0x7f6d4701e0e0>: Failed to resolve 'ghgo.xyz' ([Errno -2] Name or service not known)"))
2025-01-22 19:10:02,577 - ERROR - ThreadPoolExecutor-0_18 - url: https://ghgo.xyz/https://raw.githubusercontent.com/BurningC4/Chinese-IPTV/master/TV-IPV4.m3u 读取失败❌, Error: HTTPSConnectionPool(host='ghgo.xyz', port=443): Max retries exceeded with url: /https://raw.githubusercontent.com/BurningC4/Chinese-IPTV/master/TV-IPV4.m3u (Caused by NameResolutionError("<urllib3.connection.HTTPSConnection object at 0x7f6d46f97310>: Failed to resolve 'ghgo.xyz' ([Errno -2] Name or service not known)"))
2025-01-22 19:10:02,577 - ERROR - ThreadPoolExecutor-0_19 - url: https://ghgo.xyz/https://raw.githubusercontent.com/xzw832/cmys/refs/heads/main/S_CCTV.txt 读取失败❌, Error: HTTPSConnectionPool(host='ghgo.xyz', port=443): Max retries exceeded with url: /https://raw.githubusercontent.com/xzw832/cmys/refs/heads/main/S_CCTV.txt (Caused by NameResolutionError("<urllib3.connection.HTTPSConnection object at 0x7f6d47166140>: Failed to resolve 'ghgo.xyz' ([Errno -2] Name or service not known)"))
2025-01-22 19:10:02,577 - ERROR - ThreadPoolExecutor-0_15 - url: https://ghgo.xyz/https://raw.githubusercontent.com/ssili126/tv/main/itvlist.txt 读取失败❌, Error: HTTPSConnectionPool(host='ghgo.xyz', port=443): Max retries exceeded with url: /https://raw.githubusercontent.com/ssili126/tv/main/itvlist.txt (Caused by NameResolutionError("<urllib3.connection.HTTPSConnection object at 0x7f6d46f94b20>: Failed to resolve 'ghgo.xyz' ([Errno -2] Name or service not known)"))
2025-01-22 19:10:02,577 - ERROR - ThreadPoolExecutor-0_13 - url: https://ghgo.xyz/https://raw.githubusercontent.com/cymz6/AutoIPTV-Hotel/main/lives.txt 读取失败❌, Error: HTTPSConnectionPool(host='ghgo.xyz', port=443): Max retries exceeded with url: /https://raw.githubusercontent.com/cymz6/AutoIPTV-Hotel/main/lives.txt (Caused by NameResolutionError("<urllib3.connection.HTTPSConnection object at 0x7f6d46f96350>: Failed to resolve 'ghgo.xyz' ([Errno -2] Name or service not known)"))
2025-01-22 19:10:02,577 - ERROR - ThreadPoolExecutor-0_2 - url: https://ghgo.xyz/https://raw.githubusercontent.com/Guovin/iptv-api/gd/output/result.txt 读取失败❌, Error: HTTPSConnectionPool(host='ghgo.xyz', port=443): Max retries exceeded with url: /https://raw.githubusercontent.com/Guovin/iptv-api/gd/output/result.txt (Caused by NameResolutionError("<urllib3.connection.HTTPSConnection object at 0x7f6d46fa9330>: Failed to resolve 'ghgo.xyz' ([Errno -2] Name or service not known)"))
2025-01-22 19:10:02,577 - ERROR - ThreadPoolExecutor-0_8 - url: https://ghgo.xyz/https://raw.githubusercontent.com/qingwen07/awesome-iptv/main/tvbox_live_all.txt 读取失败❌, Error: HTTPSConnectionPool(host='ghgo.xyz', port=443): Max retries exceeded with url: /https://raw.githubusercontent.com/qingwen07/awesome-iptv/main/tvbox_live_all.txt (Caused by NameResolutionError("<urllib3.connection.HTTPSConnection object at 0x7f6d46fa9c90>: Failed to resolve 'ghgo.xyz' ([Errno -2] Name or service not known)"))
2025-01-22 19:10:02,578 - ERROR - ThreadPoolExecutor-0_11 - url: https://ghgo.xyz/https://raw.githubusercontent.com/vbskycn/iptv/master/tv/hd.txt 读取失败❌, Error: HTTPSConnectionPool(host='ghgo.xyz', port=443): Max retries exceeded with url: /https://raw.githubusercontent.com/vbskycn/iptv/master/tv/hd.txt (Caused by NameResolutionError("<urllib3.connection.HTTPSConnection object at 0x7f6d46fc8bb0>: Failed to resolve 'ghgo.xyz' ([Errno -2] Name or service not known)"))
2025-01-22 19:10:02,578 - ERROR - ThreadPoolExecutor-0_20 - url: https://ghgo.xyz/https://raw.githubusercontent.com/xzw832/cmys/refs/heads/main/S_weishi.txt 读取失败❌, Error: HTTPSConnectionPool(host='ghgo.xyz', port=443): Max retries exceeded with url: /https://raw.githubusercontent.com/xzw832/cmys/refs/heads/main/S_weishi.txt (Caused by NameResolutionError("<urllib3.connection.HTTPSConnection object at 0x7f6d47164040>: Failed to resolve 'ghgo.xyz' ([Errno -2] Name or service not known)"))
2025-01-22 19:10:02,579 - INFO - MainThread - 

2025-01-22 19:10:02,575 - ERROR - ThreadPoolExecutor-0_36 - url: https://ghgo.xyz/https://raw.githubusercontent.com/YanG-1989/m3u/refs/heads/main/Gather.m3u 读取失败❌, Error: HTTPSConnectionPool(host='ghgo.xyz', port=443): Max retries exceeded with url: /https://raw.githubusercontent.com/YanG-1989/m3u/refs/heads/main/Gather.m3u (Caused by NameResolutionError("<urllib3.connection.HTTPSConnection object at 0x7f6d47018b50>: Failed to resolve 'ghgo.xyz' ([Errno -2] Name or service not known)"))
2025-01-22 19:10:02,575 - ERROR - ThreadPoolExecutor-0_41 - url: https://ghgo.xyz/https://raw.githubusercontent.com/Guovin/TV/gd/output/result.txt 读取失败❌, Error: HTTPSConnectionPool(host='ghgo.xyz', port=443): Max retries exceeded with url: /https://raw.githubusercontent.com/Guovin/TV/gd/output/result.txt (Caused by NameResolutionError("<urllib3.connection.HTTPSConnection object at 0x7f6d47018400>: Failed to resolve 'ghgo.xyz' ([Errno -2] Name or service not known)"))
2025-01-22 19:10:02,579 - ERROR - ThreadPoolExecutor-0_55 - url: https://ghgo.xyz/https://raw.githubusercontent.com/kimwang1978/collect-tv-txt/refs/heads/main/assets/freetv/freetv_output_other.txt 读取失败❌, Error: HTTPSConnectionPool(host='ghgo.xyz', port=443): Max retries exceeded with url: /https://raw.githubusercontent.com/kimwang1978/collect-tv-txt/refs/heads/main/assets/freetv/freetv_output_other.txt (Caused by NameResolutionError("<urllib3.connection.HTTPSConnection object at 0x7f6d45d66b00>: Failed to resolve 'ghgo.xyz' ([Errno -2] Name or service not known)"))
2025-01-22 19:10:02,579 - ERROR - ThreadPoolExecutor-0_37 - url: https://ghgo.xyz/https://raw.githubusercontent.com/BP3388/BP001.github.io/main/tivi.list 读取失败❌, Error: HTTPSConnectionPool(host='ghgo.xyz', port=443): Max retries exceeded with url: /https://raw.githubusercontent.com/BP3388/BP001.github.io/main/tivi.list (Caused by NameResolutionError("<urllib3.connection.HTTPSConnection object at 0x7f6d4701bbb0>: Failed to resolve 'ghgo.xyz' ([Errno -2] Name or service not known)"))
2025-01-22 19:10:02,580 - ERROR - ThreadPoolExecutor-0_48 - url: https://ghgo.xyz/https://raw.githubusercontent.com/zwc456baby/iptv_alive/master/live.txt 读取失败❌, Error: HTTPSConnectionPool(host='ghgo.xyz', port=443): Max retries exceeded with url: /https://raw.githubusercontent.com/zwc456baby/iptv_alive/master/live.txt (Caused by NameResolutionError("<urllib3.connection.HTTPSConnection object at 0x7f6d45d39030>: Failed to resolve 'ghgo.xyz' ([Errno -2] Name or service not known)"))
2025-01-22 19:10:02,580 - ERROR - ThreadPoolExecutor-0_54 - url: https://ghgo.xyz/https://raw.githubusercontent.com/maitel2020/iptv-self-use/main/iptv.txt 读取失败❌, Error: HTTPSConnectionPool(host='ghgo.xyz', port=443): Max retries exceeded with url: /https://raw.githubusercontent.com/maitel2020/iptv-self-use/main/iptv.txt (Caused by NameResolutionError("<urllib3.connection.HTTPSConnection object at 0x7f6d45d65510>: Failed to resolve 'ghgo.xyz' ([Errno -2] Name or service not known)"))
2025-01-22 19:10:02,580 - ERROR - ThreadPoolExecutor-0_16 - url: https://ghgo.xyz/https://raw.githubusercontent.com/kimwang1978/collect-tv-txt/main/merged_output.txt 读取失败❌, Error: HTTPSConnectionPool(host='ghgo.xyz', port=443): Max retries exceeded with url: /https://raw.githubusercontent.com/kimwang1978/collect-tv-txt/main/merged_output.txt (Caused by NameResolutionError("<urllib3.connection.HTTPSConnection object at 0x7f6d46f97be0>: Failed to resolve 'ghgo.xyz' ([Errno -2] Name or service not known)"))
2025-01-22 19:10:02,580 - ERROR - ThreadPoolExecutor-0_4 - url: https://ghgo.xyz/https://raw.githubusercontent.com/yuanzl77/IPTV/main/直播/央视频道.txt 读取失败❌, Error: HTTPSConnectionPool(host='ghgo.xyz', port=443): Max retries exceeded with url: /https://raw.githubusercontent.com/yuanzl77/IPTV/main/%E7%9B%B4%E6%92%AD/%E5%A4%AE%E8%A7%86%E9%A2%91%E9%81%93.txt (Caused by NameResolutionError("<urllib3.connection.HTTPSConnection object at 0x7f6d46fe80d0>: Failed to resolve 'ghgo.xyz' ([Errno -2] Name or service not known)"))
2025-01-22 19:10:02,580 - ERROR - ThreadPoolExecutor-0_28 - url: https://ghgo.xyz/https://raw.githubusercontent.com/mlzlzj/hnyuan/refs/heads/main/iptv_list.txt 读取失败❌, Error: HTTPSConnectionPool(host='ghgo.xyz', port=443): Max retries exceeded with url: /https://raw.githubusercontent.com/mlzlzj/hnyuan/refs/heads/main/iptv_list.txt (Caused by NameResolutionError("<urllib3.connection.HTTPSConnection object at 0x7f6d46fddf90>: Failed to resolve 'ghgo.xyz' ([Errno -2] Name or service not known)"))
2025-01-22 19:10:02,580 - ERROR - ThreadPoolExecutor-0_51 - url: https://ghgo.xyz/https://raw.githubusercontent.com/vbskycn/iptv/master/tv/iptv4.txt 读取失败❌, Error: HTTPSConnectionPool(host='ghgo.xyz', port=443): Max retries exceeded with url: /https://raw.githubusercontent.com/vbskycn/iptv/master/tv/iptv4.txt (Caused by NameResolutionError("<urllib3.connection.HTTPSConnection object at 0x7f6d45d3b280>: Failed to resolve 'ghgo.xyz' ([Errno -2] Name or service not known)"))
2025-01-22 19:10:02,581 - ERROR - ThreadPoolExecutor-0_52 - url: https://ghgo.xyz/https://raw.githubusercontent.com/junge3333/juds6/main/yszb1.txt 读取失败❌, Error: HTTPSConnectionPool(host='ghgo.xyz', port=443): Max retries exceeded with url: /https://raw.githubusercontent.com/junge3333/juds6/main/yszb1.txt (Caused by NameResolutionError("<urllib3.connection.HTTPSConnection object at 0x7f6d45d3bdf0>: Failed to resolve 'ghgo.xyz' ([Errno -2] Name or service not known)"))
2025-01-22 19:10:02,583 - INFO - MainThread - Checking channels:  28%|[32m████████████▎                               [0m| 17/61 [00:00<00:02, 17.59it/s][0m
2025-01-22 19:10:02,584 - INFO - MainThread - 

2025-01-22 19:10:02,584 - INFO - MainThread - Checking channels:  30%|[32m████████████▉                               [0m| 18/61 [00:00<00:02, 17.59it/s][0m
2025-01-22 19:10:02,584 - INFO - MainThread - 

2025-01-22 19:10:02,584 - INFO - MainThread - Checking channels:  31%|[32m█████████████▋                              [0m| 19/61 [00:00<00:02, 17.59it/s][0m
2025-01-22 19:10:02,584 - INFO - MainThread - 

2025-01-22 19:10:02,585 - INFO - MainThread - Checking channels:  33%|[32m██████████████▍                             [0m| 20/61 [00:00<00:02, 17.59it/s][0m
2025-01-22 19:10:02,585 - INFO - MainThread - 

2025-01-22 19:10:02,585 - INFO - MainThread - Checking channels:  34%|[32m███████████████▏                            [0m| 21/61 [00:00<00:02, 17.59it/s][0m
2025-01-22 19:10:02,585 - INFO - MainThread - 

2025-01-22 19:10:02,585 - INFO - MainThread - Checking channels:  36%|[32m███████████████▊                            [0m| 22/61 [00:00<00:02, 17.59it/s][0m
2025-01-22 19:10:02,585 - INFO - MainThread - 

2025-01-22 19:10:02,585 - INFO - MainThread - Checking channels:  38%|[32m████████████████▌                           [0m| 23/61 [00:00<00:02, 17.59it/s][0m
2025-01-22 19:10:02,585 - INFO - MainThread - 

2025-01-22 19:10:02,585 - INFO - MainThread - Checking channels:  39%|[32m█████████████████▎                          [0m| 24/61 [00:00<00:02, 17.59it/s][0m
2025-01-22 19:10:02,585 - INFO - MainThread - 

2025-01-22 19:10:02,586 - INFO - MainThread - Checking channels:  41%|[32m██████████████████                          [0m| 25/61 [00:00<00:02, 17.59it/s][0m
2025-01-22 19:10:02,586 - INFO - MainThread - 

2025-01-22 19:10:02,586 - INFO - MainThread - Checking channels:  43%|[32m██████████████████▊                         [0m| 26/61 [00:00<00:01, 17.59it/s][0m
2025-01-22 19:10:02,586 - INFO - MainThread - 

2025-01-22 19:10:02,586 - INFO - MainThread - Checking channels:  44%|[32m███████████████████▍                        [0m| 27/61 [00:00<00:01, 17.59it/s][0m
2025-01-22 19:10:02,586 - INFO - MainThread - 

2025-01-22 19:10:02,586 - INFO - MainThread - Checking channels:  46%|[32m████████████████████▏                       [0m| 28/61 [00:00<00:01, 17.59it/s][0m
2025-01-22 19:10:02,586 - INFO - MainThread - 

2025-01-22 19:10:02,586 - INFO - MainThread - Checking channels:  48%|[32m████████████████████▉                       [0m| 29/61 [00:00<00:01, 17.59it/s][0m
2025-01-22 19:10:02,587 - INFO - MainThread - 

2025-01-22 19:10:02,587 - INFO - MainThread - Checking channels:  49%|[32m█████████████████████▋                      [0m| 30/61 [00:00<00:01, 17.59it/s][0m
2025-01-22 19:10:02,587 - INFO - MainThread - 

2025-01-22 19:10:02,587 - INFO - MainThread - Checking channels:  51%|[32m██████████████████████▎                     [0m| 31/61 [00:00<00:01, 17.59it/s][0m
2025-01-22 19:10:02,587 - INFO - MainThread - 

2025-01-22 19:10:02,587 - INFO - MainThread - Checking channels:  52%|[32m███████████████████████                     [0m| 32/61 [00:00<00:01, 17.59it/s][0m
2025-01-22 19:10:02,587 - INFO - MainThread - 

2025-01-22 19:10:02,587 - INFO - MainThread - Checking channels:  54%|[32m███████████████████████▊                    [0m| 33/61 [00:00<00:01, 17.59it/s][0m
2025-01-22 19:10:02,587 - INFO - MainThread - 

2025-01-22 19:10:02,588 - INFO - MainThread - Checking channels:  56%|[32m████████████████████████▌                   [0m| 34/61 [00:00<00:01, 17.59it/s][0m
2025-01-22 19:10:02,588 - INFO - MainThread - 

2025-01-22 19:10:02,588 - INFO - MainThread - Checking channels:  57%|[32m█████████████████████████▏                  [0m| 35/61 [00:00<00:01, 17.59it/s][0m
2025-01-22 19:10:02,588 - INFO - MainThread - 

2025-01-22 19:10:02,588 - INFO - MainThread - Checking channels:  59%|[32m█████████████████████████▉                  [0m| 36/61 [00:00<00:01, 17.59it/s][0m
2025-01-22 19:10:02,588 - INFO - MainThread - 

2025-01-22 19:10:02,588 - INFO - MainThread - Checking channels:  61%|[32m██████████████████████████▋                 [0m| 37/61 [00:00<00:01, 17.59it/s][0m
2025-01-22 19:10:02,588 - INFO - MainThread - 

2025-01-22 19:10:02,588 - INFO - MainThread - Checking channels:  62%|[32m███████████████████████████▍                [0m| 38/61 [00:00<00:01, 17.59it/s][0m
2025-01-22 19:10:02,588 - INFO - MainThread - 

2025-01-22 19:10:02,589 - INFO - MainThread - Checking channels:  64%|[32m████████████████████████████▏               [0m| 39/61 [00:00<00:01, 17.59it/s][0m
2025-01-22 19:10:02,589 - INFO - MainThread - 

2025-01-22 19:10:02,589 - INFO - MainThread - Checking channels:  66%|[32m████████████████████████████▊               [0m| 40/61 [00:00<00:01, 17.59it/s][0m
2025-01-22 19:10:02,589 - INFO - MainThread - 

2025-01-22 19:10:02,589 - INFO - MainThread - Checking channels:  67%|[32m█████████████████████████████▌              [0m| 41/61 [00:00<00:01, 17.59it/s][0m
2025-01-22 19:10:02,589 - INFO - MainThread - 

2025-01-22 19:10:02,589 - INFO - MainThread - Checking channels:  69%|[32m██████████████████████████████▎             [0m| 42/61 [00:00<00:01, 17.59it/s][0m
2025-01-22 19:10:02,589 - INFO - MainThread - 

2025-01-22 19:10:02,589 - INFO - MainThread - Checking channels:  70%|[32m███████████████████████████████             [0m| 43/61 [00:00<00:01, 17.59it/s][0m
2025-01-22 19:10:02,589 - INFO - MainThread - 

2025-01-22 19:10:02,590 - INFO - MainThread - Checking channels:  72%|[32m███████████████████████████████▋            [0m| 44/61 [00:00<00:00, 17.59it/s][0m
2025-01-22 19:10:02,590 - INFO - MainThread - 

2025-01-22 19:10:02,590 - INFO - MainThread - Checking channels:  74%|[32m████████████████████████████████▍           [0m| 45/61 [00:00<00:00, 17.59it/s][0m
2025-01-22 19:10:02,590 - INFO - MainThread - 

2025-01-22 19:10:02,590 - INFO - MainThread - Checking channels:  75%|[32m█████████████████████████████████▏          [0m| 46/61 [00:00<00:00, 17.59it/s][0m
2025-01-22 19:10:02,590 - INFO - MainThread - 

2025-01-22 19:10:02,590 - INFO - MainThread - Checking channels:  77%|[32m█████████████████████████████████▉          [0m| 47/61 [00:00<00:00, 17.59it/s][0m
2025-01-22 19:10:02,590 - INFO - MainThread - 

2025-01-22 19:10:02,590 - INFO - MainThread - Checking channels:  79%|[32m██████████████████████████████████▌         [0m| 48/61 [00:00<00:00, 17.59it/s][0m
2025-01-22 19:10:02,590 - INFO - MainThread - 

2025-01-22 19:10:02,591 - INFO - MainThread - Checking channels:  80%|[32m███████████████████████████████████▎        [0m| 49/61 [00:00<00:00, 17.59it/s][0m
2025-01-22 19:10:02,591 - INFO - MainThread - 

2025-01-22 19:10:02,591 - INFO - MainThread - Checking channels:  82%|[32m████████████████████████████████████        [0m| 50/61 [00:00<00:00, 17.59it/s][0m
2025-01-22 19:10:02,901 - INFO - ThreadPoolExecutor-0_14 - url: https://fm1077.serv00.net/SmartTV.m3u 获取成功，判断为m3u格式
2025-01-22 19:10:02,903 - INFO - ThreadPoolExecutor-0_14 - url: https://fm1077.serv00.net/SmartTV.m3u 读取成功✅，包含频道分类: 臺灣 Taiwan, 馬來西亞 Malaysia, 新加坡 Singapore, 印尼 Indonesia, 香港 Hongkong, 中國 China, 體育 Sports, 印度 Indian, 電影 Movie, 紀錄 Documentary, 新聞 News, 兒童 Kids, 泰國 Thailand, 英國 United Kingdom, 越南 Vietnam, 韓國 Korea, 日本 Japan
2025-01-22 19:10:02,903 - INFO - MainThread - 

2025-01-22 19:10:02,903 - INFO - MainThread - Checking channels:  84%|[32m████████████████████████████████████▊       [0m| 51/61 [00:01<00:00, 57.83it/s][0m
2025-01-22 19:10:03,011 - INFO - ThreadPoolExecutor-0_6 - url: https://live.zhoujie218.top/tv/iptv6.txt 获取成功，判断为txt格式
2025-01-22 19:10:03,012 - INFO - ThreadPoolExecutor-0_6 - url: https://live.zhoujie218.top/tv/iptv6.txt 读取成功✅，包含频道分类: 央视频道, 卫视频道, 电影频道, 儿童频道, 地方频道, 综艺频道, 体育频道, 戏曲频道, 其他频道, 更新时间
2025-01-22 19:10:03,012 - INFO - MainThread - 

2025-01-22 19:10:03,012 - INFO - MainThread - Checking channels:  85%|[32m█████████████████████████████████████▌      [0m| 52/61 [00:01<00:00, 57.83it/s][0m
2025-01-22 19:10:03,013 - INFO - ThreadPoolExecutor-0_27 - url: https://live.zhoujie218.top/tv/iptv6.txt 获取成功，判断为txt格式
2025-01-22 19:10:03,014 - INFO - ThreadPoolExecutor-0_27 - url: https://live.zhoujie218.top/tv/iptv6.txt 读取成功✅，包含频道分类: 央视频道, 卫视频道, 电影频道, 儿童频道, 地方频道, 综艺频道, 体育频道, 戏曲频道, 其他频道, 更新时间
2025-01-22 19:10:03,014 - INFO - MainThread - 

2025-01-22 19:10:03,015 - INFO - MainThread - Checking channels:  87%|[32m██████████████████████████████████████▏     [0m| 53/61 [00:01<00:00, 57.83it/s][0m
2025-01-22 19:10:03,983 - ERROR - ThreadPoolExecutor-0_46 - url: https://gitee.com/xxy002/zhiboyuan/raw/master/zby.txt 读取失败❌, Error: 404 Client Error: Not Found for url: https://gitee.com/xxy002/zhiboyuan/raw/master/zby.txt
2025-01-22 19:10:03,983 - INFO - MainThread - 

2025-01-22 19:10:03,983 - INFO - MainThread - Checking channels:  89%|[32m██████████████████████████████████████▉     [0m| 54/61 [00:02<00:00, 57.83it/s][0m
2025-01-22 19:10:04,008 - INFO - ThreadPoolExecutor-0_56 - url: https://gitee.com/tushaoyong/live/raw/master/%E6%8E%A5%E5%8F%A3/IPV6.txt 获取成功，判断为txt格式
2025-01-22 19:10:04,009 - INFO - ThreadPoolExecutor-0_56 - url: https://gitee.com/tushaoyong/live/raw/master/%E6%8E%A5%E5%8F%A3/IPV6.txt 读取成功✅，包含频道分类: 央视, 卫视, 诏安Tsy, 福建, 明星, 动画片轮播, 【历届春晚】
2025-01-22 19:10:04,009 - INFO - MainThread - 

2025-01-22 19:10:04,009 - INFO - MainThread - Checking channels:  90%|[32m███████████████████████████████████████▋    [0m| 55/61 [00:02<00:00, 57.83it/s][0m
2025-01-22 19:10:04,332 - INFO - ThreadPoolExecutor-0_31 - url: http://rihou.cc:567/gggg.nzk 获取成功，判断为txt格式
2025-01-22 19:10:04,346 - INFO - ThreadPoolExecutor-0_31 - url: http://rihou.cc:567/gggg.nzk 读取成功✅，包含频道分类: NBA咪咕, 欣赏频道, 广东频标, 央卫河南, 央卫安徽, 央卫频道, 央卫--iTV, Newtv-itv, SiTV-ITV, IHOT-iTV, 港闽AKtv, 粤港澳闽, 央卫频晴, 特区频晴, 央卫频陆, 特区频陆, 闽南频陆, 童年频道, 抖音电台, 广东频道, 足球粤评, 篮球粤评, 还珠格格, 大地恩情, 粤经典剧, 射雕英雄, 神雕侠侣, 视觉效果, 动感舞曲, 红歌音乐, 龙年电影, 梅州移动, 北京联通, 北京电信, 山东移动, 山东联通, 山西联通, 天津联通, 绍兴联通, 重庆联通, 上海电信, 浙江电信, 广西电信, 四川电信, 新闻频陆, 跑马频陆, 体育频陆, 电影频陆, 儿童频陆, 知识频陆, 新坡频陆, 马亚频陆, 印度频陆, 加大频陆, 日本频陆, 韩国频陆, 美国频陆
2025-01-22 19:10:04,347 - INFO - MainThread - 

2025-01-22 19:10:04,347 - INFO - MainThread - Checking channels:  92%|[32m████████████████████████████████████████▍   [0m| 56/61 [00:02<00:00, 57.83it/s][0m
2025-01-22 19:10:05,639 - INFO - ThreadPoolExecutor-0_30 - url: http://rihou.cc:555/gggg.nzk 获取成功，判断为txt格式
2025-01-22 19:10:05,652 - INFO - ThreadPoolExecutor-0_30 - url: http://rihou.cc:555/gggg.nzk 读取成功✅，包含频道分类: NBA咪咕, 欣赏频道, 广东频标, 央卫河南, 央卫安徽, 央卫频道, 央卫--iTV, Newtv-itv, SiTV-ITV, IHOT-iTV, 港闽AKtv, 粤港澳闽, 央卫频晴, 特区频晴, 央卫频陆, 特区频陆, 闽南频陆, 童年频道, 抖音电台, 广东频道, 足球粤评, 篮球粤评, 还珠格格, 大地恩情, 粤经典剧, 射雕英雄, 神雕侠侣, 视觉效果, 动感舞曲, 红歌音乐, 龙年电影, 梅州移动, 北京联通, 北京电信, 山东移动, 山东联通, 山西联通, 天津联通, 绍兴联通, 重庆联通, 上海电信, 浙江电信, 广西电信, 四川电信, 新闻频陆, 跑马频陆, 体育频陆, 电影频陆, 儿童频陆, 知识频陆, 新坡频陆, 马亚频陆, 印度频陆, 加大频陆, 日本频陆, 韩国频陆, 美国频陆
2025-01-22 19:10:05,652 - INFO - MainThread - 

2025-01-22 19:10:05,653 - INFO - MainThread - Checking channels:  93%|[32m█████████████████████████████████████████   [0m| 57/61 [00:03<00:00, 10.88it/s][0m
2025-01-22 19:10:10,480 - INFO - ThreadPoolExecutor-0_17 - url: http://wx.thego.cn/ak.m3u 获取成功，判断为m3u格式
2025-01-22 19:10:10,480 - INFO - MainThread - 

2025-01-22 19:10:10,480 - INFO - MainThread - Checking channels:  95%|[32m█████████████████████████████████████████▊  [0m| 58/61 [00:08<00:00, 10.88it/s][0m
2025-01-22 19:10:17,255 - INFO - ThreadPoolExecutor-0_33 - url: http://1805842a.123nat.com:66/agent/2.txt 获取成功，判断为txt格式
2025-01-22 19:10:17,255 - INFO - MainThread - 

2025-01-22 19:10:17,255 - INFO - MainThread - Checking channels:  97%|[32m██████████████████████████████████████████▌ [0m| 59/61 [00:15<00:00, 10.88it/s][0m
2025-01-22 19:10:27,574 - INFO - ThreadPoolExecutor-0_7 - url: http://ww.weidonglong.com/dsj.txt 获取成功，判断为txt格式
2025-01-22 19:10:27,575 - INFO - ThreadPoolExecutor-0_7 - url: http://ww.weidonglong.com/dsj.txt 读取成功✅，包含频道分类: 👉电视直播, 央视频道, 卫视频道, 卫视综合, 体育综合, 急救技能, 👉获取更新
2025-01-22 19:10:27,576 - INFO - MainThread - 

2025-01-22 19:10:27,576 - INFO - MainThread - Checking channels:  98%|[32m███████████████████████████████████████████▎[0m| 60/61 [00:25<00:00,  1.15it/s][0m
2025-01-22 19:12:18,026 - ERROR - ThreadPoolExecutor-0_32 - url: http://ttkx.cc:55/lib/kx2024.txt 读取失败❌, Error: HTTPConnectionPool(host='ttkx.cc', port=55): Max retries exceeded with url: /lib/kx2024.txt (Caused by ConnectTimeoutError(<urllib3.connection.HTTPConnection object at 0x7f6d4701ca00>, 'Connection to ttkx.cc timed out. (connect timeout=None)'))
2025-01-22 19:12:18,027 - INFO - MainThread - 

2025-01-22 19:12:18,027 - INFO - MainThread - Checking channels: 100%|[32m████████████████████████████████████████████[0m| 61/61 [02:16<00:00,  6.22s/it][0m
2025-01-22 19:12:18,027 - INFO - MainThread - 

2025-01-22 19:12:18,027 - INFO - MainThread - Checking channels: 100%|[32m████████████████████████████████████████████[0m| 61/61 [02:16<00:00,  2.23s/it][0m
2025-01-22 19:12:18,742 - ERROR - ThreadPoolExecutor-1_100 - Invalid status code 海绵宝宝 http://1.94.31.214:35455/huya/11352919 code 404
2025-01-22 19:12:18,743 - ERROR - ThreadPoolExecutor-1_102 - Invalid status code 哆啦A梦 http://1.94.31.214:35455/huya/11601963 code 404
2025-01-22 19:12:18,743 - ERROR - MainThread - Failed to play http://1.94.31.214:35455/huya/11352919 None
2025-01-22 19:12:18,743 - ERROR - MainThread - Failed to play http://1.94.31.214:35455/huya/11601963 None
2025-01-22 19:12:18,763 - ERROR - ThreadPoolExecutor-1_114 - Invalid status code 星爷 http://1.94.31.214:35455/huya/11342412 code 404
2025-01-22 19:12:18,763 - ERROR - MainThread - Failed to play http://1.94.31.214:35455/huya/11342412 None
2025-01-22 19:12:18,788 - ERROR - ThreadPoolExecutor-1_117 - Request error for 4K;4K http://sdytqsy.top:35455/itv/3000000010000015686.m3u8?cdn=FifastbLive@@NBA咪咕贰4K (attempt 1)
2025-01-22 19:12:18,789 - ERROR - ThreadPoolExecutor-1_120 - Request error for 4K;4K http://sdytqsy.top:35455/gaoma/cctv4k.m3u8@@CCTV-4k_ITV (attempt 1)
2025-01-22 19:12:18,790 - ERROR - ThreadPoolExecutor-1_116 - Request error for 4K;4K http://sdytqsy.top:35455/itv/3000000010000005180.m3u8?cdn=FifastbLive@@NBA咪咕壹4K (attempt 1)
2025-01-22 19:12:18,794 - ERROR - ThreadPoolExecutor-1_101 - Invalid status code 猫和老鼠 http://1.94.31.214:35455/huya/11352879 code 404
2025-01-22 19:12:18,795 - ERROR - MainThread - Failed to play http://1.94.31.214:35455/huya/11352879 None
2025-01-22 19:12:18,808 - ERROR - ThreadPoolExecutor-1_122 - Request error for 4K;4K http://sdytqsy.top:35455/itv/5000000007000010001.m3u8?cdn=bestzb@@SiTV欢笑剧4k (attempt 1)
2025-01-22 19:12:18,811 - ERROR - ThreadPoolExecutor-1_125 - Request error for 4K;4K http://sdytqsy.top:35455/douyin/450779218335@@广东4k抖直播 (attempt 1)
2025-01-22 19:12:18,914 - ERROR - ThreadPoolExecutor-1_118 - Invalid status code 4K;4K http://60.11.200.120:35455/itv/3000000010000005180.m3u8?cdn=FifastbLive@@NBA咪咕壹4K code 404
2025-01-22 19:12:18,914 - ERROR - MainThread - Failed to play http://60.11.200.120:35455/itv/3000000010000005180.m3u8?cdn=FifastbLive@@NBA咪咕壹4K None
2025-01-22 19:12:19,321 - ERROR - ThreadPoolExecutor-1_99 - Invalid status code 4K;4K https://vd4.bdstatic.com/mda-ma7y4ug97hcdf710/v1-cae/1080p/mda-ma7y4ug97hcdf710.mp4@@光明DJ4K code 404
2025-01-22 19:12:19,322 - ERROR - MainThread - Failed to play https://vd4.bdstatic.com/mda-ma7y4ug97hcdf710/v1-cae/1080p/mda-ma7y4ug97hcdf710.mp4@@光明DJ4K None
2025-01-22 19:12:19,470 - ERROR - ThreadPoolExecutor-1_126 - Invalid status code 4K;4K https://vd3.bdstatic.com/mda-nd6k8tnavw6sj0a5/uhd/cae_h264_delogo/1649341416749683469/mda-nd6k8tnavw6sj0a5.mp4@@变形金刚_4K code 404
2025-01-22 19:12:19,471 - ERROR - MainThread - Failed to play https://vd3.bdstatic.com/mda-nd6k8tnavw6sj0a5/uhd/cae_h264_delogo/1649341416749683469/mda-nd6k8tnavw6sj0a5.mp4@@变形金刚_4K None
2025-01-22 19:12:19,531 - ERROR - ThreadPoolExecutor-1_121 - Invalid status code 4K;4K http://60.11.200.120:35455/gaoma/cctv4k.m3u8@@CCTV-4k_ITV code 404
2025-01-22 19:12:19,531 - ERROR - MainThread - Failed to play http://60.11.200.120:35455/gaoma/cctv4k.m3u8@@CCTV-4k_ITV None
2025-01-22 19:12:19,533 - ERROR - ThreadPoolExecutor-1_78 - Invalid status code 天津卫视 http://otttv.bj.chinamobile.com/PLTV/88888888/224/3221226954/1.m3u8?GuardEncType=2&accountinfo=%7E%7EV2.0%7Eaf3wyULP1h575eM_4ByMDg%7EtP4-l0lmSfjwLWEfK_el1vH_mv-s1zo4AQJwdedaVwG9xkuFTDg8J26cwOrNJzn20BErrHdLhuZ9EzLUCD3PMW-OMx4MGteHV2vLeW6BqoY%2CEND code 302
2025-01-22 19:12:19,533 - ERROR - ThreadPoolExecutor-1_41 - Invalid status code 东南卫视 http://otttv.bj.chinamobile.com/PLTV/88888888/224/3221226991/1.m3u8?GuardEncType=2&accountinfo=%7E%7EV2.0%7EQ6F5Mjgs0tJyEArWFL3vQA%7EtP4-l0lmSfjwLWEfK_el1vH_mv-s1zo4AQJwdedaVwG9xkuFTDg8J26cwOrNJzn20BErrHdLhuZ9EzLUCD3PMW-OMx4MGteHV2vLeW6BqoY%2CEND code 302
2025-01-22 19:12:19,534 - ERROR - ThreadPoolExecutor-1_61 - Invalid status code 湖北卫视 http://otttv.bj.chinamobile.com/PLTV/88888888/224/3221226952/1.m3u8?GuardEncType=2&accountinfo=%7E%7EV2.0%7EREB40lnZnCEwjRy7LZuhIQ%7EtP4-l0lmSfjwLWEfK_el1vH_mv-s1zo4AQJwdedaVwG9xkuFTDg8J26cwOrNJzn20BErrHdLhuZ9EzLUCD3PMW-OMx4MGteHV2vLeW6BqoY%2CEND code 302
2025-01-22 19:12:19,536 - ERROR - ThreadPoolExecutor-1_112 - Invalid status code 黑莓电影 http://otttv.bj.chinamobile.com/PLTV/88888888/224/3221226939/1.m3u8?GuardEncType=2&accountinfo=%7E%7EV2.0%7EkBVQL3MtyiM0GGQzuPjqAQ%7EtP4-l0lmSfjwLWEfK_el1vH_mv-s1zo4AQJwdedaVwG9xkuFTDg8J26cwOrNJzn20BErrHdLhuZ9EzLUCD3PMW-OMx4MGteHV2vLeW6BqoY%2CEND code 302
2025-01-22 19:12:19,537 - ERROR - ThreadPoolExecutor-1_53 - Invalid status code 河北卫视 http://otttv.bj.chinamobile.com/PLTV/88888888/224/3221227014/1.m3u8?GuardEncType=2&accountinfo=%7E%7EV2.0%7ErSGjhI3DMaaAASPrbQJYTg%7EtP4-l0lmSfjwLWEfK_el1vH_mv-s1zo4AQJwdedaVwG9xkuFTDg8J26cwOrNJzn20BErrHdLhuZ9EzLUCD3PMW-OMx4MGteHV2vLeW6BqoY%2CEND code 302
2025-01-22 19:12:19,537 - ERROR - ThreadPoolExecutor-1_107 - Invalid status code 优漫卡通 http://otttv.bj.chinamobile.com/PLTV/88888888/224/3221227007/1.m3u8?GuardEncType=2&accountinfo=%7E%7EV2.0%7EhHDWGhkwx_zJcJUYE9TAaA%7EtP4-l0lmSfjwLWEfK_el1vH_mv-s1zo4AQJwdedaVwG9xkuFTDg8J26cwOrNJzn20BErrHdLhuZ9EzLUCD3PMW-OMx4MGteHV2vLeW6BqoY%2CEND code 302
2025-01-22 19:12:19,538 - ERROR - ThreadPoolExecutor-1_36 - Invalid status code 重庆卫视 http://otttv.bj.chinamobile.com/PLTV/88888888/224/3221226963/1.m3u8?GuardEncType=2&accountinfo=%7E%7EV2.0%7EjTXsJprEx2nE38tdvu5lhA%7EtP4-l0lmSfjwLWEfK_el1vH_mv-s1zo4AQJwdedaVwG9xkuFTDg8J26cwOrNJzn20BErrHdLhuZ9EzLUCD3PMW-OMx4MGteHV2vLeW6BqoY%2CEND code 302
2025-01-22 19:12:19,539 - ERROR - ThreadPoolExecutor-1_71 - Invalid status code 宁夏卫视 http://otttv.bj.chinamobile.com/PLTV/88888888/224/3221227020/1.m3u8?GuardEncType=2&accountinfo=%7E%7EV2.0%7Err-CLugPnTcUinEM8JeySg%7EtP4-l0lmSfjwLWEfK_el1vH_mv-s1zo4AQJwdedaVwG9xkuFTDg8J26cwOrNJzn20BErrHdLhuZ9EzLUCD3PMW-OMx4MGteHV2vLeW6BqoY%2CEND code 302
2025-01-22 19:12:19,540 - ERROR - ThreadPoolExecutor-1_73 - Invalid status code 青海卫视 http://otttv.bj.chinamobile.com/PLTV/88888888/224/3221227017/1.m3u8?GuardEncType=2&accountinfo=%7E%7EV2.0%7EacviHy_ucMT27Ymf2iLtZA%7EtP4-l0lmSfjwLWEfK_el1vH_mv-s1zo4AQJwdedaVwG9xkuFTDg8J26cwOrNJzn20BErrHdLhuZ9EzLUCD3PMW-OMx4MGteHV2vLeW6BqoY%2CEND code 302
2025-01-22 19:12:19,541 - ERROR - ThreadPoolExecutor-1_104 - Invalid status code 黑莓动画 http://otttv.bj.chinamobile.com/PLTV/88888888/224/3221226935/1.m3u8?GuardEncType=2&accountinfo=%7E%7EV2.0%7EUc618y1E09GbQwwuOzEKaQ%7EtP4-l0lmSfjwLWEfK_el1vH_mv-s1zo4AQJwdedaVwG9xkuFTDg8J26cwOrNJzn20BErrHdLhuZ9EzLUCD3PMW-OMx4MGteHV2vLeW6BqoY%2CEND code 302
2025-01-22 19:12:19,541 - ERROR - ThreadPoolExecutor-1_105 - Invalid status code 卡酷少儿 http://otttv.bj.chinamobile.com/PLTV/88888888/224/3221227024/1.m3u8?GuardEncType=2&accountinfo=%7E%7EV2.0%7EjvuDD-WqVkjs3cnfSInf6A%7EtP4-l0lmSfjwLWEfK_el1vH_mv-s1zo4AQJwdedaVwG9xkuFTDg8J26cwOrNJzn20BErrHdLhuZ9EzLUCD3PMW-OMx4MGteHV2vLeW6BqoY%2CEND code 302
2025-01-22 19:12:19,543 - ERROR - ThreadPoolExecutor-1_19 - Invalid status code 西藏卫视 http://otttv.bj.chinamobile.com/PLTV/88888888/224/3221227033/1.m3u8?GuardEncType=2&accountinfo=%7E%7EV2.0%7EdeTB7OZ9G_VNJk5C3t96fQ%7EtP4-l0lmSfjwLWEfK_el1vH_mv-s1zo4AQJwdedaVwG9xkuFTDg8J26cwOrNJzn20BErrHdLhuZ9EzLUCD3PMW-OMx4MGteHV2vLeW6BqoY%2CEND code 302
2025-01-22 19:12:19,543 - ERROR - ThreadPoolExecutor-1_30 - Invalid status code 江苏卫视 http://otttv.bj.chinamobile.com/PLTV/88888888/224/3221226897/1.m3u8?GuardEncType=2&accountinfo=%7E%7EV2.0%7E0BmO6uHF7WFoTed__Xr3NQ%7EtP4-l0lmSfjwLWEfK_el1vH_mv-s1zo4AQJwdedaVwG9xkuFTDg8J26cwOrNJzn20BErrHdLhuZ9EzLUCD3PMW-OMx4MGteHV2vLeW6BqoY%2CEND code 302
2025-01-22 19:12:19,545 - ERROR - ThreadPoolExecutor-1_75 - Invalid status code 山东卫视 http://otttv.bj.chinamobile.com/PLTV/88888888/224/3221226957/1.m3u8?GuardEncType=2&accountinfo=%7E%7EV2.0%7EjW26v5VaHGy1jQuIA-4EbA%7EtP4-l0lmSfjwLWEfK_el1vH_mv-s1zo4AQJwdedaVwG9xkuFTDg8J26cwOrNJzn20BErrHdLhuZ9EzLUCD3PMW-OMx4MGteHV2vLeW6BqoY%2CEND code 302
2025-01-22 19:12:19,546 - ERROR - ThreadPoolExecutor-1_26 - Invalid status code 浙江卫视 http://otttv.bj.chinamobile.com/PLTV/88888888/224/3221226899/1.m3u8?GuardEncType=2&accountinfo=%7E%7EV2.0%7ETYfTgTra_pUx2cPrgZ_BDw%7EtP4-l0lmSfjwLWEfK_el1vH_mv-s1zo4AQJwdedaVwG9xkuFTDg8J26cwOrNJzn20BErrHdLhuZ9EzLUCD3PMW-OMx4MGteHV2vLeW6BqoY%2CEND code 302
2025-01-22 19:12:19,546 - ERROR - ThreadPoolExecutor-1_18 - Invalid status code 广西卫视 http://otttv.bj.chinamobile.com/PLTV/88888888/224/3221227010/1.m3u8?GuardEncType=2&accountinfo=%7E%7EV2.0%7EkAhb-89sxdm9fz6-heXCuw%7EtP4-l0lmSfjwLWEfK_el1vH_mv-s1zo4AQJwdedaVwG9xkuFTDg8J26cwOrNJzn20BErrHdLhuZ9EzLUCD3PMW-OMx4MGteHV2vLeW6BqoY%2CEND code 302
2025-01-22 19:12:19,547 - ERROR - ThreadPoolExecutor-1_66 - Invalid status code 吉林卫视 http://otttv.bj.chinamobile.com/PLTV/88888888/224/3221227015/1.m3u8?GuardEncType=2&accountinfo=%7E%7EV2.0%7EW5-3AVdwD5KlUpuA4mz7Cg%7EtP4-l0lmSfjwLWEfK_el1vH_mv-s1zo4AQJwdedaVwG9xkuFTDg8J26cwOrNJzn20BErrHdLhuZ9EzLUCD3PMW-OMx4MGteHV2vLeW6BqoY%2CEND code 302
2025-01-22 19:12:19,548 - ERROR - ThreadPoolExecutor-1_85 - Invalid status code 康巴卫视 http://otttv.bj.chinamobile.com/PLTV/88888888/224/3221227027/1.m3u8?GuardEncType=2&accountinfo=%7E%7EV2.0%7EkHMvBpWz4rccMxNvSRekpQ%7EtP4-l0lmSfjwLWEfK_el1vH_mv-s1zo4AQJwdedaVwG9xkuFTDg8J26cwOrNJzn20BErrHdLhuZ9EzLUCD3PMW-OMx4MGteHV2vLeW6BqoY%2CEND code 302
2025-01-22 19:12:19,549 - ERROR - ThreadPoolExecutor-1_81 - Invalid status code 新疆卫视 http://otttv.bj.chinamobile.com/PLTV/88888888/224/3221227011/1.m3u8?GuardEncType=2&accountinfo=%7E%7EV2.0%7ExAUu61iVvo_xYbANWJhgXw%7EtP4-l0lmSfjwLWEfK_el1vH_mv-s1zo4AQJwdedaVwG9xkuFTDg8J26cwOrNJzn20BErrHdLhuZ9EzLUCD3PMW-OMx4MGteHV2vLeW6BqoY%2CEND code 302
2025-01-22 19:12:19,550 - ERROR - ThreadPoolExecutor-1_106 - Invalid status code 哈哈炫动 http://otttv.bj.chinamobile.com/PLTV/88888888/224/3221227025/1.m3u8?GuardEncType=2&accountinfo=%7E%7EV2.0%7E7RoPnbSvRPd3KyTpQ76WpA%7EtP4-l0lmSfjwLWEfK_el1vH_mv-s1zo4AQJwdedaVwG9xkuFTDg8J26cwOrNJzn20BErrHdLhuZ9EzLUCD3PMW-OMx4MGteHV2vLeW6BqoY%2CEND code 302
2025-01-22 19:12:19,550 - ERROR - ThreadPoolExecutor-1_46 - Invalid status code 广东卫视 http://otttv.bj.chinamobile.com/PLTV/88888888/224/3221226961/1.m3u8?GuardEncType=2&accountinfo=%7E%7EV2.0%7E2MGyx659D_aaDPP0qt3NgA%7EtP4-l0lmSfjwLWEfK_el1vH_mv-s1zo4AQJwdedaVwG9xkuFTDg8J26cwOrNJzn20BErrHdLhuZ9EzLUCD3PMW-OMx4MGteHV2vLeW6BqoY%2CEND code 302
2025-01-22 19:12:19,550 - ERROR - ThreadPoolExecutor-1_80 - Invalid status code 海南卫视 http://otttv.bj.chinamobile.com/PLTV/88888888/224/3221227029/1.m3u8?GuardEncType=2&accountinfo=%7E%7EV2.0%7EEuBMjt2kLMD8fAO7QYER7Q%7EtP4-l0lmSfjwLWEfK_el1vH_mv-s1zo4AQJwdedaVwG9xkuFTDg8J26cwOrNJzn20BErrHdLhuZ9EzLUCD3PMW-OMx4MGteHV2vLeW6BqoY%2CEND code 302
2025-01-22 19:12:19,551 - ERROR - ThreadPoolExecutor-1_38 - Invalid status code 四川卫视 http://otttv.bj.chinamobile.com/PLTV/88888888/224/3221226995/1.m3u8?GuardEncType=2&accountinfo=%7E%7EV2.0%7EBQiz3wrGrpG0CUSRIJ-7Jg%7EtP4-l0lmSfjwLWEfK_el1vH_mv-s1zo4AQJwdedaVwG9xkuFTDg8J26cwOrNJzn20BErrHdLhuZ9EzLUCD3PMW-OMx4MGteHV2vLeW6BqoY%2CEND code 302
2025-01-22 19:12:19,552 - ERROR - ThreadPoolExecutor-1_70 - Invalid status code 辽宁卫视 http://otttv.bj.chinamobile.com/PLTV/88888888/224/3221226966/1.m3u8?GuardEncType=2&accountinfo=%7E%7EV2.0%7E6qJH8Fd-zgCGx3P-Ce86cA%7EtP4-l0lmSfjwLWEfK_el1vH_mv-s1zo4AQJwdedaVwG9xkuFTDg8J26cwOrNJzn20BErrHdLhuZ9EzLUCD3PMW-OMx4MGteHV2vLeW6BqoY%2CEND code 302
2025-01-22 19:12:19,552 - ERROR - ThreadPoolExecutor-1_21 - Invalid status code 东方卫视 http://otttv.bj.chinamobile.com/PLTV/88888888/224/3221226898/1.m3u8?GuardEncType=2&accountinfo=%7E%7EV2.0%7E0uh4lyjjBCCN7TCq21vSIQ%7EtP4-l0lmSfjwLWEfK_el1vH_mv-s1zo4AQJwdedaVwG9xkuFTDg8J26cwOrNJzn20BErrHdLhuZ9EzLUCD3PMW-OMx4MGteHV2vLeW6BqoY%2CEND code 302
2025-01-22 19:12:19,553 - ERROR - ThreadPoolExecutor-1_33 - Invalid status code 安徽卫视 http://otttv.bj.chinamobile.com/PLTV/88888888/224/3221226943/1.m3u8?GuardEncType=2&accountinfo=%7E%7EV2.0%7E0QmKQ_slRCwvVVUUfxPVbw%7EtP4-l0lmSfjwLWEfK_el1vH_mv-s1zo4AQJwdedaVwG9xkuFTDg8J26cwOrNJzn20BErrHdLhuZ9EzLUCD3PMW-OMx4MGteHV2vLeW6BqoY%2CEND code 302
2025-01-22 19:12:19,553 - ERROR - ThreadPoolExecutor-1_28 - Invalid status code 北京卫视 http://otttv.bj.chinamobile.com/PLTV/88888888/224/3221226900/1.m3u8?GuardEncType=2&accountinfo=%7E%7EV2.0%7EcYPi33WFyhvd6SjmqUKhJg%7EtP4-l0lmSfjwLWEfK_el1vH_mv-s1zo4AQJwdedaVwG9xkuFTDg8J26cwOrNJzn20BErrHdLhuZ9EzLUCD3PMW-OMx4MGteHV2vLeW6BqoY%2CEND code 302
2025-01-22 19:12:19,554 - ERROR - ThreadPoolExecutor-1_51 - Invalid status code 贵州卫视 http://otttv.bj.chinamobile.com/PLTV/88888888/224/3221227012/1.m3u8?GuardEncType=2&accountinfo=%7E%7EV2.0%7EnqBF03rFwPucF8ODtWxLQQ%7EtP4-l0lmSfjwLWEfK_el1vH_mv-s1zo4AQJwdedaVwG9xkuFTDg8J26cwOrNJzn20BErrHdLhuZ9EzLUCD3PMW-OMx4MGteHV2vLeW6BqoY%2CEND code 302
2025-01-22 19:12:19,554 - ERROR - ThreadPoolExecutor-1_83 - Invalid status code 云南卫视 http://otttv.bj.chinamobile.com/PLTV/88888888/224/3221227028/1.m3u8?GuardEncType=2&accountinfo=%7E%7EV2.0%7EGfQPqRNVeBjTMsZ48qu0SA%7EtP4-l0lmSfjwLWEfK_el1vH_mv-s1zo4AQJwdedaVwG9xkuFTDg8J26cwOrNJzn20BErrHdLhuZ9EzLUCD3PMW-OMx4MGteHV2vLeW6BqoY%2CEND code 302
2025-01-22 19:12:19,554 - ERROR - ThreadPoolExecutor-1_67 - Invalid status code 内蒙古卫视 http://otttv.bj.chinamobile.com/PLTV/88888888/224/3221227018/1.m3u8?GuardEncType=2&accountinfo=%7E%7EV2.0%7ErN_hoRDwApMKnJqiNHvn9w%7EtP4-l0lmSfjwLWEfK_el1vH_mv-s1zo4AQJwdedaVwG9xkuFTDg8J26cwOrNJzn20BErrHdLhuZ9EzLUCD3PMW-OMx4MGteHV2vLeW6BqoY%2CEND code 302
2025-01-22 19:12:19,555 - ERROR - ThreadPoolExecutor-1_86 - Invalid status code 延边卫视 http://otttv.bj.chinamobile.com/PLTV/88888888/224/3221227045/1.m3u8?GuardEncType=2&accountinfo=%7E%7EV2.0%7Eq0D3NdTUN7FuRzr8eJsbQA%7EtP4-l0lmSfjwLWEfK_el1vH_mv-s1zo4AQJwdedaVwG9xkuFTDg8J26cwOrNJzn20BErrHdLhuZ9EzLUCD3PMW-OMx4MGteHV2vLeW6BqoY%2CEND code 302
2025-01-22 19:12:19,555 - ERROR - ThreadPoolExecutor-1_44 - Invalid status code 深圳卫视 http://otttv.bj.chinamobile.com/PLTV/88888888/224/3221226959/1.m3u8?GuardEncType=2&accountinfo=%7E%7EV2.0%7EGrVNEZREjuNVKiTJo2mtwg%7EtP4-l0lmSfjwLWEfK_el1vH_mv-s1zo4AQJwdedaVwG9xkuFTDg8J26cwOrNJzn20BErrHdLhuZ9EzLUCD3PMW-OMx4MGteHV2vLeW6BqoY%2CEND code 302
2025-01-22 19:12:19,556 - ERROR - ThreadPoolExecutor-1_58 - Invalid status code 黑龙江卫视 http://otttv.bj.chinamobile.com/PLTV/88888888/224/3221226965/1.m3u8?GuardEncType=2&accountinfo=%7E%7EV2.0%7E7UiKL56-L86ihmTWaZ6csw%7EtP4-l0lmSfjwLWEfK_el1vH_mv-s1zo4AQJwdedaVwG9xkuFTDg8J26cwOrNJzn20BErrHdLhuZ9EzLUCD3PMW-OMx4MGteHV2vLeW6BqoY%2CEND code 302
2025-01-22 19:12:19,556 - ERROR - ThreadPoolExecutor-1_63 - Invalid status code 江西卫视 http://otttv.bj.chinamobile.com/PLTV/88888888/224/3221226956/1.m3u8?GuardEncType=2&accountinfo=%7E%7EV2.0%7Ei6ZIpVizXlewg-YfGvH8dA%7EtP4-l0lmSfjwLWEfK_el1vH_mv-s1zo4AQJwdedaVwG9xkuFTDg8J26cwOrNJzn20BErrHdLhuZ9EzLUCD3PMW-OMx4MGteHV2vLeW6BqoY%2CEND code 302
2025-01-22 19:12:19,556 - ERROR - ThreadPoolExecutor-1_49 - Invalid status code 甘肃卫视 http://otttv.bj.chinamobile.com/PLTV/88888888/224/3221227003/1.m3u8?GuardEncType=2&accountinfo=%7E%7EV2.0%7ESco1zinvdUYzleEkXYhIvA%7EtP4-l0lmSfjwLWEfK_el1vH_mv-s1zo4AQJwdedaVwG9xkuFTDg8J26cwOrNJzn20BErrHdLhuZ9EzLUCD3PMW-OMx4MGteHV2vLeW6BqoY%2CEND code 302
2025-01-22 19:12:19,614 - ERROR - ThreadPoolExecutor-1_119 - Invalid status code 4K;4K http://60.11.200.120:35455/itv/3000000010000015686.m3u8?cdn=FifastbLive@@NBA咪咕贰4K code 404
2025-01-22 19:12:19,614 - ERROR - MainThread - Failed to play http://60.11.200.120:35455/itv/3000000010000015686.m3u8?cdn=FifastbLive@@NBA咪咕贰4K None
2025-01-22 19:12:19,853 - ERROR - ThreadPoolExecutor-1_123 - Invalid status code 4K;4K http://60.11.200.120:35455/itv/5000000007000010001.m3u8?cdn=bestzb@@SiTV欢笑剧4k code 404
2025-01-22 19:12:19,853 - ERROR - MainThread - Failed to play http://60.11.200.120:35455/itv/5000000007000010001.m3u8?cdn=bestzb@@SiTV欢笑剧4k None
2025-01-22 19:12:20,065 - ERROR - ThreadPoolExecutor-1_127 - Invalid status code 4K;4K https://vd2.bdstatic.com/mda-meqitprx5ti8ed1a/720p/h264/1621948823045463060/mda-meqitprx5ti8ed1a.mp4@@4K高清岳云鹏 code 404
2025-01-22 19:12:20,066 - ERROR - MainThread - Failed to play https://vd2.bdstatic.com/mda-meqitprx5ti8ed1a/720p/h264/1621948823045463060/mda-meqitprx5ti8ed1a.mp4@@4K高清岳云鹏 None
2025-01-22 19:12:20,511 - ERROR - ThreadPoolExecutor-1_111 - Invalid status code CHC家庭影院 http://eastscreen.tv/ooooo.php?id=chcjt code 302
2025-01-22 19:12:21,638 - ERROR - ThreadPoolExecutor-1_110 - Invalid status code CHC动作电影 http://eastscreen.tv/ooooo.php?id=chcdz code 302
2025-01-22 19:12:34,538 - ERROR - ThreadPoolExecutor-1_40 - Request error for 东南卫视 http://ottrrs.hl.chinamobile.com/PLTV/88888888/224/3221226341/index.m3u8$可回放 (attempt 1)
2025-01-22 19:12:34,539 - ERROR - ThreadPoolExecutor-1_42 - Request error for 东南卫视 http://ottrrs.hl.chinamobile.com/PLTV/88888888/224/3221226341/index.m3u8 (attempt 1)
2025-01-22 19:12:34,539 - ERROR - ThreadPoolExecutor-1_74 - Request error for 山东卫视 http://ottrrs.hl.chinamobile.com/PLTV/88888888/224/3221226456/index.m3u8$可回放 (attempt 1)
2025-01-22 19:12:34,539 - ERROR - ThreadPoolExecutor-1_69 - Request error for 辽宁卫视 http://ottrrs.hl.chinamobile.com/PLTV/88888888/224/3221226546/index.m3u8$可回放 (attempt 1)
2025-01-22 19:12:34,540 - ERROR - ThreadPoolExecutor-1_65 - Request error for 吉林卫视 http://ottrrs.hl.chinamobile.com/PLTV/88888888/224/3221226397/index.m3u8$可回放 (attempt 1)
2025-01-22 19:12:34,540 - ERROR - ThreadPoolExecutor-1_54 - Request error for 河北卫视 http://ottrrs.hl.chinamobile.com/PLTV/88888888/224/3221226406/index.m3u8 (attempt 1)
2025-01-22 19:12:34,540 - ERROR - ThreadPoolExecutor-1_37 - Request error for 四川卫视 http://ottrrs.hl.chinamobile.com/PLTV/88888888/224/3221226338/index.m3u8$可回放 (attempt 1)
2025-01-22 19:12:34,541 - ERROR - ThreadPoolExecutor-1_45 - Request error for 广东卫视 http://ottrrs.hl.chinamobile.com/PLTV/88888888/224/3221226248/index.m3u8$可回放 (attempt 1)
2025-01-22 19:12:34,541 - ERROR - ThreadPoolExecutor-1_27 - Request error for 北京卫视 http://ottrrs.hl.chinamobile.com/PLTV/88888888/224/3221225728/index.m3u8$可回放 (attempt 1)
2025-01-22 19:12:34,541 - ERROR - ThreadPoolExecutor-1_25 - Request error for 浙江卫视 http://ottrrs.hl.chinamobile.com/PLTV/88888888/224/3221225612/index.m3u8$可回放 (attempt 1)
2025-01-22 19:12:34,541 - ERROR - ThreadPoolExecutor-1_15 - Request error for CCTV15 http://ottrrs.hl.chinamobile.com/PLTV/88888888/224/3221225601/index.m3u8 (attempt 1)
2025-01-22 19:12:34,542 - ERROR - ThreadPoolExecutor-1_1 - Request error for CCTV2 http://ottrrs.hl.chinamobile.com/PLTV/88888888/224/3221225588/index.m3u8 (attempt 1)
2025-01-22 19:12:34,542 - ERROR - ThreadPoolExecutor-1_29 - Request error for 江苏卫视 http://ottrrs.hl.chinamobile.com/PLTV/88888888/224/3221225613/index.m3u8$可回放 (attempt 1)
2025-01-22 19:12:34,542 - ERROR - ThreadPoolExecutor-1_76 - Request error for 山东卫视 http://ottrrs.hl.chinamobile.com/PLTV/88888888/224/3221226456/index.m3u8 (attempt 1)
2025-01-22 19:12:34,542 - ERROR - ThreadPoolExecutor-1_34 - Request error for 安徽卫视 http://ottrrs.hl.chinamobile.com/PLTV/88888888/224/3221226391/index.m3u8 (attempt 1)
2025-01-22 19:12:34,543 - ERROR - ThreadPoolExecutor-1_82 - Request error for 新疆卫视 http://ottrrs.hl.chinamobile.com/PLTV/88888888/224/3221225635/index.m3u8#http://ottrrs.hl.chinamobile.com/PLTV/88888888/224/3221226460/index.m3u8 (attempt 1)
2025-01-22 19:12:34,543 - ERROR - ThreadPoolExecutor-1_60 - Request error for 湖北卫视 http://ottrrs.hl.chinamobile.com/PLTV/88888888/224/3221226477/index.m3u8$可回放 (attempt 1)
2025-01-22 19:12:34,543 - ERROR - ThreadPoolExecutor-1_0 - Request error for CCTV1 http://ottrrs.hl.chinamobile.com/PLTV/88888888/224/3221226016/index.m3u8 (attempt 1)
2025-01-22 19:12:34,543 - ERROR - ThreadPoolExecutor-1_47 - Request error for 广东卫视 http://ottrrs.hl.chinamobile.com/PLTV/88888888/224/3221226248/index.m3u8 (attempt 1)
2025-01-22 19:12:34,543 - ERROR - ThreadPoolExecutor-1_9 - Request error for CCTV9 http://ottrrs.hl.chinamobile.com/PLTV/88888888/224/3221225734/index.m3u8 (attempt 1)
2025-01-22 19:12:34,544 - ERROR - ThreadPoolExecutor-1_50 - Request error for 贵州卫视 http://ottrrs.hl.chinamobile.com/PLTV/88888888/224/3221226474/index.m3u8$可回放 (attempt 1)
2025-01-22 19:12:34,544 - ERROR - ThreadPoolExecutor-1_17 - Request error for CCTV17 http://ottrrs.hl.chinamobile.com/PLTV/88888888/224/3221225765/index.m3u8 (attempt 1)
2025-01-22 19:12:34,544 - ERROR - ThreadPoolExecutor-1_23 - Request error for 湖南卫视 http://ottrrs.hl.chinamobile.com/PLTV/88888888/224/3221225610/index.m3u8$可回放 (attempt 1)
2025-01-22 19:12:34,544 - ERROR - ThreadPoolExecutor-1_5 - Request error for CCTV5+ http://ottrrs.hl.chinamobile.com/PLTV/88888888/224/3221225603/index.m3u8 (attempt 1)
2025-01-22 19:12:34,545 - ERROR - ThreadPoolExecutor-1_22 - Request error for 东方卫视 http://ottrrs.hl.chinamobile.com/PLTV/88888888/224/3221225735/index.m3u8#http://ottrrs.hl.chinamobile.com/PLTV/88888888/224/3221226345/index.m3u8 (attempt 1)
2025-01-22 19:12:34,545 - ERROR - ThreadPoolExecutor-1_14 - Request error for CCTV14 http://ottrrs.hl.chinamobile.com/PLTV/88888888/224/3221225732/index.m3u8 (attempt 1)
2025-01-22 19:12:34,545 - ERROR - ThreadPoolExecutor-1_84 - Request error for 云南卫视 http://ottrrs.hl.chinamobile.com/PLTV/88888888/224/3221226444/index.m3u8 (attempt 1)
2025-01-22 19:12:34,546 - ERROR - ThreadPoolExecutor-1_24 - Request error for 湖南卫视 http://ottrrs.hl.chinamobile.com/PLTV/88888888/224/3221225610/index.m3u8#http://ottrrs.hl.chinamobile.com/PLTV/88888888/224/3221226307/index.m3u8 (attempt 1)
2025-01-22 19:12:34,546 - ERROR - ThreadPoolExecutor-1_32 - Request error for 安徽卫视 http://ottrrs.hl.chinamobile.com/PLTV/88888888/224/3221226391/index.m3u8$可回放 (attempt 1)
2025-01-22 19:12:34,546 - ERROR - ThreadPoolExecutor-1_7 - Request error for CCTV7 http://ottrrs.hl.chinamobile.com/PLTV/88888888/224/3221225733/index.m3u8 (attempt 1)
2025-01-22 19:12:34,546 - ERROR - ThreadPoolExecutor-1_79 - Request error for 海南卫视 http://ottrrs.hl.chinamobile.com/PLTV/88888888/224/3221226465/index.m3u8$可回放 (attempt 1)
2025-01-22 19:12:34,546 - ERROR - ThreadPoolExecutor-1_64 - Request error for 江西卫视 http://ottrrs.hl.chinamobile.com/PLTV/88888888/224/3221226344/index.m3u8 (attempt 1)
2025-01-22 19:12:34,547 - ERROR - ThreadPoolExecutor-1_68 - Request error for 内蒙古卫视 http://ottrrs.hl.chinamobile.com/PLTV/88888888/224/3221225634/index.m3u8#http://ottrrs.hl.chinamobile.com/PLTV/88888888/224/3221226389/index.m3u8 (attempt 1)
2025-01-22 19:12:34,547 - ERROR - ThreadPoolExecutor-1_56 - Request error for 河南卫视 http://ottrrs.hl.chinamobile.com/PLTV/88888888/224/3221226480/index.m3u8 (attempt 1)
2025-01-22 19:12:34,547 - ERROR - ThreadPoolExecutor-1_62 - Request error for 江西卫视 http://ottrrs.hl.chinamobile.com/PLTV/88888888/224/3221226344/index.m3u8$可回放 (attempt 1)
2025-01-22 19:12:34,548 - ERROR - ThreadPoolExecutor-1_48 - Request error for 广西卫视 http://ottrrs.hl.chinamobile.com/PLTV/88888888/224/3221226380/index.m3u8 (attempt 1)
2025-01-22 19:12:34,548 - ERROR - ThreadPoolExecutor-1_6 - Request error for CCTV6 http://ottrrs.hl.chinamobile.com/PLTV/88888888/224/3221226010/index.m3u8 (attempt 1)
2025-01-22 19:12:34,548 - ERROR - ThreadPoolExecutor-1_72 - Request error for 宁夏卫视 http://ottrrs.hl.chinamobile.com/PLTV/88888888/224/3221225632/index.m3u8#http://ottrrs.hl.chinamobile.com/PLTV/88888888/224/3221226454/index.m3u8 (attempt 1)
2025-01-22 19:12:34,548 - ERROR - ThreadPoolExecutor-1_39 - Request error for 四川卫视 http://ottrrs.hl.chinamobile.com/PLTV/88888888/224/3221226338/index.m3u8 (attempt 1)
2025-01-22 19:12:34,548 - ERROR - ThreadPoolExecutor-1_3 - Request error for CCTV4 http://ottrrs.hl.chinamobile.com/PLTV/88888888/224/3221226428/index.m3u8 (attempt 1)
2025-01-22 19:12:34,549 - ERROR - ThreadPoolExecutor-1_31 - Request error for 江苏卫视 http://ottrrs.hl.chinamobile.com/PLTV/88888888/224/3221225613/index.m3u8#http://ottrrs.hl.chinamobile.com/PLTV/88888888/224/3221226310/index.m3u8 (attempt 1)
2025-01-22 19:12:34,549 - ERROR - ThreadPoolExecutor-1_8 - Request error for CCTV8 http://ottrrs.hl.chinamobile.com/PLTV/88888888/224/3221226008/index.m3u8 (attempt 1)
2025-01-22 19:12:34,549 - ERROR - ThreadPoolExecutor-1_20 - Request error for 东方卫视 http://ottrrs.hl.chinamobile.com/PLTV/88888888/224/3221225735/index.m3u8$可回放 (attempt 1)
2025-01-22 19:12:34,549 - ERROR - ThreadPoolExecutor-1_4 - Request error for CCTV5 http://ottrrs.hl.chinamobile.com/PLTV/88888888/224/3221226019/index.m3u8 (attempt 1)
2025-01-22 19:12:34,549 - ERROR - ThreadPoolExecutor-1_13 - Request error for CCTV13 http://ottrrs.hl.chinamobile.com/PLTV/88888888/224/3221226011/index.m3u8 (attempt 1)
2025-01-22 19:12:34,549 - ERROR - ThreadPoolExecutor-1_55 - Request error for 河南卫视 http://ottrrs.hl.chinamobile.com/PLTV/88888888/224/3221226480/index.m3u8$可回放 (attempt 1)
2025-01-22 19:12:34,550 - ERROR - ThreadPoolExecutor-1_11 - Request error for CCTV11 http://ottrrs.hl.chinamobile.com/PLTV/88888888/224/3221225597/index.m3u8 (attempt 1)
2025-01-22 19:12:34,550 - ERROR - ThreadPoolExecutor-1_10 - Request error for CCTV10 http://ottrrs.hl.chinamobile.com/PLTV/88888888/224/3221225730/index.m3u8 (attempt 1)
2025-01-22 19:12:34,550 - ERROR - ThreadPoolExecutor-1_43 - Request error for 深圳卫视 http://ottrrs.hl.chinamobile.com/PLTV/88888888/224/3221225739/index.m3u8$可回放 (attempt 1)
2025-01-22 19:12:34,550 - ERROR - ThreadPoolExecutor-1_59 - Request error for 湖北卫视 http://ottrrs.hl.chinamobile.com/PLTV/88888888/224/3221225627/index.m3u8$可回放 (attempt 1)
2025-01-22 19:12:34,550 - ERROR - ThreadPoolExecutor-1_52 - Request error for 河北卫视 http://ottrrs.hl.chinamobile.com/PLTV/88888888/224/3221226406/index.m3u8$可回放 (attempt 1)
2025-01-22 19:12:34,550 - ERROR - ThreadPoolExecutor-1_16 - Request error for CCTV16 http://ottrrs.hl.chinamobile.com/PLTV/88888888/224/3221226100/index.m3u8 (attempt 1)
2025-01-22 19:12:34,550 - ERROR - ThreadPoolExecutor-1_12 - Request error for CCTV12 http://ottrrs.hl.chinamobile.com/PLTV/88888888/224/3221225731/index.m3u8 (attempt 1)
2025-01-22 19:12:34,551 - ERROR - ThreadPoolExecutor-1_57 - Request error for 黑龙江卫视 http://ottrrs.hl.chinamobile.com/PLTV/88888888/224/3221226327/index.m3u8$可回放 (attempt 1)
2025-01-22 19:12:34,551 - ERROR - ThreadPoolExecutor-1_2 - Request error for CCTV3 http://ottrrs.hl.chinamobile.com/PLTV/88888888/224/3221226021/index.m3u8 (attempt 1)
2025-01-22 19:12:34,551 - ERROR - ThreadPoolExecutor-1_77 - Request error for 天津卫视 http://ottrrs.hl.chinamobile.com/PLTV/88888888/224/3221225740/index.m3u8$可回放 (attempt 1)
2025-01-22 19:12:34,551 - ERROR - ThreadPoolExecutor-1_35 - Request error for 重庆卫视 http://ottrrs.hl.chinamobile.com/PLTV/88888888/224/3221226409/index.m3u8$可回放 (attempt 1)
